2024-02-08T01:52:26.905Z - GET /api/ping/check-cctv
2024-02-08T01:53:01.877Z - GET /api/ping/check-cctv
2024-02-08T01:53:02.998Z - GET /api/ping/check-cctv
2024-02-08T01:56:42.979Z - GET /api/ping/check-cctv
2024-02-08T01:56:44.154Z - GET /api/ping/check-cctv
2024-02-08T01:59:52.460Z - GET /api/ping/check-cctv
2024-02-08T01:59:52.765Z - GET /api/ping/check-cctv
2024-02-08T02:00:03.629Z - GET /api/ping/check-cctv
2024-02-08T02:00:03.924Z - GET /api/ping/check-cctv
2024-02-08T02:01:41.728Z - GET /api/ping/check-cctv
2024-02-08T02:01:45.356Z - GET /api/ping/check-cctv
2024-02-08T02:01:45.666Z - GET /api/ping/check-cctv
2024-02-08T02:01:59.592Z - GET /api/ping/check-cctv
2024-02-08T02:01:59.871Z - GET /api/ping/check-cctv
2024-02-08T02:03:19.631Z - GET /api/ping/check-cctv
2024-02-08T02:22:25.501Z - GET /api/ping/check-cctv
2024-02-08T02:22:30.568Z - GET /api/ping/check-cctv
2024-02-08T02:22:33.788Z - GET /api/ping/check-cctv
2024-02-08T02:22:38.569Z - GET /api/ping/check-cctv
2024-02-08T02:23:05.674Z - GET /api/ping/check-cctv
2024-02-08T02:23:10.564Z - GET /api/ping/check-cctv
2024-02-08T02:28:39.349Z - GET /api/ping/check-cctv
2024-02-08T02:28:44.069Z - GET /api/ping/check-cctv
2024-02-08T02:29:47.785Z - GET /api/ping/check-cctv
2024-02-08T02:29:52.569Z - GET /api/ping/check-cctv
2024-02-08T02:31:38.046Z - GET /api/ping/check-cctv
2024-02-08T02:31:44.522Z - GET /api/ping/check-cctv
2024-02-08T02:32:08.977Z - GET /api/ping/check-cctv
2024-02-08T02:35:21.728Z - GET /api/ping/check-cctv
2024-02-08T02:35:26.563Z - GET /api/ping/check-cctv
2024-02-08T02:44:58.253Z - GET /api/ping/check-cctv
2024-02-08T02:45:03.068Z - GET /api/ping/check-cctv
2024-02-08T02:46:35.935Z - GET /api/ping/check-cctv
2024-02-08T02:46:41.075Z - GET /api/ping/check-cctv
2024-02-08T02:49:07.881Z - GET /api/ping/check-cctv
2024-02-08T02:49:13.067Z - GET /api/ping/check-cctv
2024-02-08T02:49:28.940Z - GET /favicon.ico
2024-02-08T02:50:31.383Z - GET /api/ping/check-cctv
2024-02-08T02:50:36.064Z - GET /api/ping/check-cctv
2024-02-08T02:52:11.601Z - GET /api/ping/check-cctv
2024-02-08T02:52:16.568Z - GET /api/ping/check-cctv
2024-02-08T02:55:21.035Z - GET /api/ping/check-cctv
2024-02-08T02:55:26.070Z - GET /api/ping/check-cctv
2024-02-08T02:57:34.744Z - GET /socket.io/?EIO=4&transport=polling&t=Os6fZ09
2024-02-08T02:57:35.726Z - GET /socket.io/?EIO=4&transport=polling&t=Os6fZFi
2024-02-08T02:57:37.735Z - GET /socket.io/?EIO=4&transport=polling&t=Os6fZl2
2024-02-08T02:57:38.901Z - GET /socket.io/?EIO=4&transport=polling&t=Os6fa1I
2024-02-08T02:57:38.904Z - GET /api/ping/check-cctv
2024-02-08T02:57:39.190Z - GET /socket.io/?EIO=4&transport=polling&t=Os6fa1M
2024-02-08T02:57:40.190Z - GET /socket.io/?EIO=4&transport=polling&t=Os6faLS
2024-02-08T02:57:41.735Z - GET /socket.io/?EIO=4&transport=polling&t=Os6faja
2024-02-08T02:57:42.316Z - GET /socket.io/?EIO=4&transport=polling&t=Os6fasf
2024-02-08T02:57:43.734Z - GET /socket.io/?EIO=4&transport=polling&t=Os6fbCn
2024-02-08T02:57:44.067Z - GET /api/ping/check-cctv
2024-02-08T02:57:44.658Z - GET /socket.io/?EIO=4&transport=polling&t=Os6fbRG
2024-02-08T02:57:47.733Z - GET /socket.io/?EIO=4&transport=polling&t=Os6fcBI
2024-02-08T02:57:49.676Z - GET /socket.io/?EIO=4&transport=polling&t=Os6fcff
2024-02-08T02:57:49.724Z - GET /socket.io/?EIO=4&transport=polling&t=Os6fcgO
2024-02-08T02:57:53.732Z - GET /socket.io/?EIO=4&transport=polling&t=Os6fdf1
2024-02-08T02:57:54.690Z - GET /socket.io/?EIO=4&transport=polling&t=Os6fdtw
2024-02-08T02:57:55.734Z - GET /socket.io/?EIO=4&transport=polling&t=Os6fe8I
2024-02-08T02:57:59.709Z - GET /socket.io/?EIO=4&transport=polling&t=Os6ff6L
2024-02-08T02:57:59.735Z - GET /socket.io/?EIO=4&transport=polling&t=Os6ff6r
2024-02-08T02:58:01.732Z - GET /socket.io/?EIO=4&transport=polling&t=Os6ffc0
2024-02-08T02:58:04.722Z - GET /socket.io/?EIO=4&transport=polling&t=Os6fgKg
2024-02-08T02:58:05.735Z - GET /socket.io/?EIO=4&transport=polling&t=Os6fgaa
2024-02-08T02:58:07.732Z - GET /socket.io/?EIO=4&transport=polling&t=Os6fh3l
2024-02-08T02:58:09.748Z - GET /socket.io/?EIO=4&transport=polling&t=Os6fhZC
2024-02-08T02:58:11.729Z - GET /socket.io/?EIO=4&transport=polling&t=Os6fi2F
2024-02-08T02:58:13.730Z - GET /socket.io/?EIO=4&transport=polling&t=Os6fiXU
2024-02-08T02:58:14.767Z - GET /socket.io/?EIO=4&transport=polling&t=Os6fina
2024-02-08T02:58:17.722Z - GET /socket.io/?EIO=4&transport=polling&t=Os6fjVu
2024-02-08T02:58:19.725Z - GET /socket.io/?EIO=4&transport=polling&t=Os6fj_B
2024-02-08T02:58:19.791Z - GET /socket.io/?EIO=4&transport=polling&t=Os6fk09
2024-02-08T02:58:20.462Z - GET /api/ping/check-cctv
2024-02-08T02:58:21.737Z - GET /api/ping/check-cctv
2024-02-08T02:58:25.574Z - GET /api/ping/check-cctv
2024-02-08T02:58:26.567Z - GET /api/ping/check-cctv
2024-02-08T02:58:30.578Z - GET /api/ping/check-cctv
2024-02-08T02:58:31.571Z - GET /api/ping/check-cctv
2024-02-08T02:58:35.573Z - GET /api/ping/check-cctv
2024-02-08T02:58:40.564Z - GET /api/ping/check-cctv
2024-02-08T02:58:45.569Z - GET /api/ping/check-cctv
2024-02-08T02:58:50.563Z - GET /api/ping/check-cctv
2024-02-08T02:59:25.752Z - GET /api/ping/check-cctv
2024-02-08T03:00:10.608Z - GET /api/ping/check-cctv
2024-02-08T03:00:10.807Z - GET /api/ping/check-cctv
2024-02-08T03:00:15.574Z - GET /api/ping/check-cctv
2024-02-08T03:00:15.773Z - GET /api/ping/check-cctv
2024-02-08T03:00:20.565Z - GET /api/ping/check-cctv
2024-02-08T03:00:25.576Z - GET /api/ping/check-cctv
2024-02-08T03:00:30.573Z - GET /api/ping/check-cctv
2024-02-08T04:07:09.968Z - GET /api/ping/check-cctv
2024-02-08T04:07:15.066Z - GET /api/ping/check-cctv
2024-02-08T04:11:13.724Z - GET /api/ping/check-cctv
2024-02-08T04:11:16.757Z - GET /api/ping/check-cctv
2024-02-08T04:11:21.572Z - GET /api/ping/check-cctv
2024-02-08T04:11:32.407Z - GET /api/ping/check-cctv
2024-02-08T04:11:37.563Z - GET /api/ping/check-cctv
2024-02-08T04:12:09.417Z - GET /api/ping/check-cctv
2024-02-08T04:12:14.567Z - GET /api/ping/check-cctv
2024-02-08T04:12:27.277Z - GET /api/ping/check-cctv
2024-02-08T04:12:32.060Z - GET /api/ping/check-cctv
2024-02-08T04:12:35.730Z - GET /api/ping/check-cctv
2024-02-08T04:12:37.222Z - GET /api/ping/check-cctv
2024-02-08T04:12:42.068Z - GET /api/ping/check-cctv
2024-02-08T04:12:48.117Z - GET /api/ping/check-cctv
2024-02-08T04:12:59.363Z - GET /api/ping/check-cctv
2024-02-08T04:13:04.072Z - GET /api/ping/check-cctv
2024-02-08T04:14:41.055Z - GET /api/ping/check-cctv
2024-02-08T04:14:46.060Z - GET /api/ping/check-cctv
2024-02-08T04:14:56.260Z - GET /api/ping/check-cctv
2024-02-08T04:15:01.066Z - GET /api/ping/check-cctv
2024-02-08T04:17:11.463Z - GET /api/ping/check-cctv
2024-02-08T04:17:16.570Z - GET /api/ping/check-cctv
2024-02-08T04:19:22.934Z - GET /api/ping/check-cctv
2024-02-08T04:19:24.250Z - GET /api/ping/check-cctv
2024-02-08T04:19:29.073Z - GET /api/ping/check-cctv
2024-02-08T04:22:47.967Z - GET /api/ping/check-cctv
2024-02-08T04:33:55.111Z - GET /events
2024-02-08T04:36:42.741Z - GET /events
2024-02-08T04:37:25.730Z - GET /api/ping/check-cctv
2024-02-08T04:37:25.922Z - GET /events
2024-02-08T04:37:30.574Z - GET /api/ping/check-cctv
2024-02-08T04:41:23.733Z - GET /api/ping/check-cctv
2024-02-08T04:41:23.890Z - GET /events
2024-02-08T04:41:27.255Z - GET /api/ping/check-cctv
2024-02-08T04:41:27.450Z - GET /events
2024-02-08T04:41:27.994Z - GET /api/ping/check-cctv
2024-02-08T04:41:28.193Z - GET /events
2024-02-08T04:41:33.065Z - GET /api/ping/check-cctv
2024-02-08T04:45:08.802Z - GET /api/ping/check-cctv
2024-02-08T04:45:12.319Z - GET /api/ping/check-cctv
2024-02-08T04:45:17.068Z - GET /api/ping/check-cctv
2024-02-08T04:45:49.362Z - GET /events
2024-02-08T04:58:58.556Z - GET /api/ping/check-cctv
2024-02-08T04:59:03.572Z - GET /api/ping/check-cctv
2024-02-08T05:37:59.083Z - GET /api/ping/check-cctv
2024-02-08T05:38:04.075Z - GET /api/ping/check-cctv
2024-02-08T05:50:00.249Z - GET /api/ping/check-cctv
2024-02-08T05:53:31.743Z - GET /api/ping/check-cctv
2024-02-08T05:53:36.574Z - GET /api/ping/check-cctv
2024-02-08T05:53:44.441Z - GET /api/ping/check-cctv
2024-02-08T05:53:49.558Z - GET /api/ping/check-cctv
2024-02-08T06:01:04.741Z - GET /api/ping/check-cctv
2024-02-08T06:01:09.564Z - GET /api/ping/check-cctv
2024-02-08T06:04:45.750Z - GET /api/ping/check-cctv
2024-02-08T06:04:50.676Z - GET /api/ping/check-cctv
2024-02-08T06:04:55.561Z - GET /api/ping/check-cctv
2024-02-08T06:09:42.738Z - GET /api/ping/check-cctv
2024-02-08T06:09:46.501Z - GET /api/ping/check-cctv
2024-02-08T06:09:51.566Z - GET /api/ping/check-cctv
2024-02-08T06:10:10.258Z - GET /api/ping/check-cctv
2024-02-08T06:10:14.877Z - GET /api/ping/check-cctv
2024-02-08T06:10:19.563Z - GET /api/ping/check-cctv
2024-02-08T06:13:08.234Z - GET /api/ping/check-cctv
2024-02-08T06:13:13.063Z - GET /api/ping/check-cctv
2024-02-08T06:18:57.751Z - GET /api/ping/check-cctv
2024-02-08T06:19:00.597Z - GET /api/ping/check-cctv
2024-02-08T06:19:05.557Z - GET /api/ping/check-cctv
2024-02-08T06:20:41.737Z - GET /api/ping/check-cctv
2024-02-08T06:21:02.056Z - GET /api/ping/check-cctv
2024-02-08T06:21:07.067Z - GET /api/ping/check-cctv
2024-02-08T06:22:10.739Z - GET /api/ping/check-cctv
2024-02-08T06:22:16.693Z - GET /api/ping/check-cctv
2024-02-08T06:22:18.274Z - GET /api/ping/check-cctv
2024-02-08T06:22:23.076Z - GET /api/ping/check-cctv
2024-02-08T06:22:28.087Z - GET /api/ping/check-cctv
2024-02-08T06:22:34.168Z - GET /api/ping/check-cctv
2024-02-08T06:22:39.067Z - GET /api/ping/check-cctv
2024-02-08T06:23:18.704Z - GET /api/ping/check-cctv
2024-02-08T06:25:00.841Z - GET /api/ping/check-cctv
2024-02-08T06:25:05.560Z - GET /api/ping/check-cctv
2024-02-08T06:29:44.984Z - GET /api/ping/check-cctv
2024-02-08T06:29:50.071Z - GET /api/ping/check-cctv
2024-02-08T06:31:24.124Z - GET /api/ping/check-cctv
2024-02-08T06:31:26.339Z - GET /api/ping/check-cctv
2024-02-08T06:31:31.065Z - GET /api/ping/check-cctv
2024-02-08T06:35:48.592Z - GET /api/ping/check-cctv
2024-02-08T06:36:23.849Z - GET /api/ping/check-cctv
2024-02-08T06:36:45.558Z - GET /api/ping/check-cctv
2024-02-08T06:47:47.745Z - GET /api/ping/check-cctv
2024-02-08T06:50:27.498Z - GET /api/ping/check-cctv
2024-02-08T06:54:34.744Z - GET /api/ping/check-cctv
2024-02-08T06:54:40.073Z - GET /api/ping/check-cctv
2024-02-08T06:55:37.726Z - GET /api/ping/check-cctv
2024-02-08T06:55:42.568Z - GET /api/ping/check-cctv
2024-02-08T06:55:47.570Z - GET /api/ping/check-cctv
2024-02-08T06:55:52.571Z - GET /api/ping/check-cctv
2024-02-08T06:59:38.742Z - GET /api/ping/check-cctv
2024-02-08T06:59:43.574Z - GET /api/ping/check-cctv
2024-02-08T07:01:44.765Z - GET /api/ping/check-cctv
2024-02-08T07:01:47.555Z - GET /api/ping/check-cctv
2024-02-08T07:01:52.573Z - GET /api/ping/check-cctv
2024-02-08T07:06:15.350Z - GET /api/ping/check-cctv
2024-02-08T07:06:31.425Z - GET /api/ping/check-cctv
2024-02-08T07:21:37.310Z - GET /api/ping/check-cctv
2024-02-08T07:21:42.570Z - GET /api/ping/check-cctv
2024-02-08T07:22:03.713Z - GET /api/ping/check-cctv
2024-02-08T07:22:05.849Z - GET /api/ping/check-cctv
2024-02-08T07:22:11.071Z - GET /api/ping/check-cctv
2024-02-08T07:22:31.524Z - GET /api/ping/check-cctv
2024-02-08T07:22:50.852Z - GET /api/ping/check-cctv
2024-02-08T07:25:55.226Z - GET /api/ping/check-cctv
2024-02-08T07:26:00.568Z - GET /api/ping/check-cctv
2024-02-08T07:26:05.569Z - GET /api/ping/check-cctv
2024-02-08T07:26:10.564Z - GET /api/ping/check-cctv
2024-02-08T07:26:15.574Z - GET /api/ping/check-cctv
2024-02-08T07:26:46.751Z - GET /api/ping/check-cctv
2024-02-08T07:26:56.034Z - GET /api/ping/check-cctv
2024-02-08T07:27:28.694Z - GET /api/ping/check-cctv
2024-02-08T07:27:44.829Z - GET /api/ping/check-cctv
2024-02-08T07:29:14.065Z - GET /api/ping/check-cctv
2024-02-08T07:29:19.077Z - GET /api/ping/check-cctv
2024-02-08T07:30:30.798Z - GET /api/ping/check-cctv
2024-02-08T07:31:50.593Z - GET /api/ping/check-cctv
2024-02-08T07:32:08.091Z - GET /api/ping/check-cctv
2024-02-08T07:39:35.747Z - GET /api/ping/check-cctv
2024-02-08T07:39:40.564Z - GET /api/ping/check-cctv
2024-02-08T07:40:07.047Z - GET /api/ping/check-cctv
2024-02-08T07:40:12.073Z - GET /api/ping/check-cctv
2024-02-08T07:40:17.070Z - GET /api/ping/check-cctv
2024-02-08T07:41:25.257Z - GET /api/ping/check-cctv
2024-02-08T07:41:35.263Z - GET /api/ping/check-cctv
2024-02-08T07:43:26.739Z - GET /api/ping/check-cctv
2024-02-08T07:44:52.755Z - GET /api/ping/check-cctv
2024-02-08T07:45:41.793Z - GET /api/ping/check-cctv
2024-02-08T07:45:48.772Z - GET /api/ping/check-cctv
2024-02-08T07:48:11.766Z - GET /api/ping/check-cctv
2024-02-08T07:48:17.546Z - GET /api/ping/check-cctv
2024-02-08T07:49:26.744Z - GET /api/ping/check-cctv
2024-02-08T07:51:17.839Z - GET /api/ping/check-cctv
2024-02-08T10:09:51.890Z - GET /api/ping/check-cctv
2024-02-08T10:09:57.075Z - GET /api/ping/check-cctv
2024-02-08T10:10:14.536Z - GET /api/ping/check-cctv
2024-02-08T10:10:38.701Z - GET /api/ping/check-cctv
2024-02-08T10:10:46.036Z - GET /api/ping/check-cctv
