2024-03-20T02:46:44.940Z - GET /
2024-03-20T02:46:44.981Z - GET /static/js/main.fefa77d5.js
2024-03-20T02:46:44.990Z - GET /static/css/main.b8bf9c79.css
2024-03-20T02:46:45.155Z - GET /favicon.ico
2024-03-20T02:46:45.160Z - GET /manifest.json
2024-03-20T02:46:45.169Z - GET /logo192.png
2024-03-20T02:46:47.979Z - GET /cctv-ping
2024-03-20T02:47:43.393Z - GET /cctv-ping
2024-03-20T02:47:43.872Z - GET /cctv-ping
2024-03-20T02:47:44.064Z - GET /cctv-ping
2024-03-20T02:47:44.254Z - GET /cctv-ping
2024-03-20T02:48:26.176Z - GET /cctv-ping
2024-03-20T02:48:35.602Z - GET /
2024-03-20T02:48:35.622Z - GET /static/js/main.f185acdb.js
2024-03-20T02:48:35.627Z - GET /static/css/main.b8bf9c79.css
2024-03-20T02:48:35.741Z - GET /manifest.json
2024-03-20T02:48:35.745Z - GET /favicon.ico
2024-03-20T02:48:35.754Z - GET /logo192.png
2024-03-20T02:49:23.127Z - GET /cctv-ping
2024-03-20T02:49:24.150Z - GET /cctv-ping
2024-03-20T02:49:27.991Z - GET /
2024-03-20T02:49:28.016Z - GET /static/js/main.bdf1bf1d.js
2024-03-20T02:49:28.023Z - GET /static/css/main.b8bf9c79.css
2024-03-20T02:49:28.100Z - GET /manifest.json
2024-03-20T02:49:28.104Z - GET /favicon.ico
2024-03-20T02:49:28.115Z - GET /logo192.png
2024-03-20T02:50:18.220Z - GET /
2024-03-20T02:50:18.256Z - GET /static/js/main.bdf1bf1d.js
2024-03-20T02:50:18.261Z - GET /static/css/main.b8bf9c79.css
2024-03-20T02:50:18.367Z - GET /favicon.ico
2024-03-20T02:50:18.373Z - GET /manifest.json
2024-03-20T02:50:18.386Z - GET /logo192.png
2024-03-20T02:50:20.596Z - GET /cctv-ping
2024-03-20T02:50:21.143Z - GET /cctv-ping
2024-03-20T02:50:21.323Z - GET /cctv-ping
2024-03-20T02:50:30.989Z - GET /cctv-ping
2024-03-20T02:52:47.458Z - GET /cctv-ping
2024-03-20T02:52:49.558Z - GET /
2024-03-20T02:52:49.574Z - GET /static/js/main.bdf1bf1d.js
2024-03-20T02:52:49.581Z - GET /static/css/main.b8bf9c79.css
2024-03-20T02:52:49.691Z - GET /manifest.json
2024-03-20T02:52:49.695Z - GET /favicon.ico
2024-03-20T02:52:49.702Z - GET /logo192.png
2024-03-20T02:54:37.898Z - GET /
2024-03-20T02:54:37.920Z - GET /static/js/main.02bef0d1.js
2024-03-20T02:54:37.926Z - GET /static/css/main.b8bf9c79.css
2024-03-20T02:54:37.998Z - GET /manifest.json
2024-03-20T02:54:38.001Z - GET /favicon.ico
2024-03-20T02:54:38.009Z - GET /logo192.png
2024-03-20T02:54:46.170Z - GET /cctv-ping
2024-03-20T02:54:48.545Z - GET /cctv
2024-03-20T02:57:52.363Z - GET /
2024-03-20T02:57:52.400Z - GET /static/js/main.f185acdb.js
2024-03-20T02:57:52.407Z - GET /static/css/main.b8bf9c79.css
2024-03-20T02:57:52.514Z - GET /manifest.json
2024-03-20T02:57:52.525Z - GET /logo192.png
2024-03-20T06:31:41.414Z - GET /
2024-03-20T06:31:41.445Z - GET /static/js/main.f185acdb.js
2024-03-20T06:31:41.453Z - GET /static/css/main.b8bf9c79.css
2024-03-20T06:31:41.623Z - GET /manifest.json
2024-03-20T06:31:41.628Z - GET /favicon.ico
2024-03-20T06:31:41.637Z - GET /logo192.png
2024-03-20T06:34:38.697Z - GET /
2024-03-20T06:34:38.730Z - GET /static/js/main.f185acdb.js
2024-03-20T06:34:38.735Z - GET /static/css/main.b8bf9c79.css
2024-03-20T06:34:38.799Z - GET /favicon.ico
2024-03-20T06:34:38.803Z - GET /manifest.json
2024-03-20T06:34:38.813Z - GET /logo192.png
2024-03-20T06:34:55.342Z - GET /
2024-03-20T06:34:55.375Z - GET /static/js/main.f185acdb.js
2024-03-20T06:34:55.386Z - GET /static/css/main.b8bf9c79.css
2024-03-20T06:34:55.537Z - GET /manifest.json
2024-03-20T06:34:55.542Z - GET /favicon.ico
2024-03-20T06:34:55.549Z - GET /logo192.png
2024-03-20T06:42:30.239Z - GET /
2024-03-20T06:42:31.544Z - GET /
2024-03-20T06:43:09.597Z - GET /
2024-03-20T06:43:09.646Z - GET /static/js/main.f185acdb.js
2024-03-20T06:43:09.653Z - GET /static/css/main.b8bf9c79.css
2024-03-20T06:43:09.828Z - GET /favicon.ico
2024-03-20T06:43:09.832Z - GET /manifest.json
2024-03-20T06:43:09.842Z - GET /logo192.png
2024-03-20T06:46:03.670Z - GET /
2024-03-20T06:46:32.723Z - GET /
2024-03-20T06:46:32.757Z - GET /static/js/main.f185acdb.js
2024-03-20T06:46:32.765Z - GET /static/css/main.b8bf9c79.css
2024-03-20T06:46:32.865Z - GET /manifest.json
2024-03-20T06:46:32.870Z - GET /favicon.ico
2024-03-20T06:46:32.878Z - GET /logo192.png
2024-03-20T06:46:44.366Z - GET /static/css/main.b8bf9c79.css
2024-03-20T06:46:44.371Z - GET /manifest.json
2024-03-20T06:46:44.454Z - GET /static/js/main.f185acdb.js.map
2024-03-20T06:46:44.464Z - GET /static/css/main.b8bf9c79.css.map
