2024-03-15T04:18:10.272Z - GET /api/ping/check-cctv2
2024-03-15T04:18:10.281Z - GET /api/ping/check-cctv
2024-03-15T04:18:13.993Z - GET /api/ping/check-cctv2
2024-03-15T04:18:14.542Z - GET /api/ping/check-cctv2
2024-03-15T04:18:15.100Z - GET /api/ping/check-cctv2
2024-03-15T04:18:15.570Z - GET /api/ping/check-cctv
2024-03-15T04:18:20.556Z - GET /api/ping/check-cctv
2024-03-15T04:18:21.277Z - GET /api/ping/check-cctv
2024-03-15T04:18:26.562Z - GET /api/ping/check-cctv
2024-03-15T04:18:31.557Z - GET /api/ping/check-cctv
2024-03-15T04:18:36.568Z - GET /api/ping/check-cctv
2024-03-15T04:18:40.296Z - GET /api/ping/check-cctv
2024-03-15T04:18:42.117Z - GET /api/ping/check-cctv
2024-03-15T04:18:44.278Z - GET /api/ping/check-cctv
2024-03-15T04:18:46.275Z - GET /api/ping/check-cctv
2024-03-15T04:18:48.045Z - GET /api/ping/check-cctv
2024-03-15T04:18:50.277Z - GET /api/ping/check-cctv
2024-03-15T04:18:53.045Z - GET /api/ping/check-cctv
2024-03-15T04:18:55.030Z - GET /api/ping/check-cctv
2024-03-15T04:18:57.032Z - GET /api/ping/check-cctv
2024-03-15T04:18:59.032Z - GET /api/ping/check-cctv
2024-03-15T04:19:01.034Z - GET /api/ping/check-cctv
2024-03-15T04:19:03.219Z - GET /api/ping/check-cctv
2024-03-15T04:19:05.041Z - GET /api/ping/check-cctv
2024-03-15T04:19:06.878Z - GET /api/ping/check-cctv
2024-03-15T04:19:09.035Z - GET /api/ping/check-cctv
2024-03-15T04:19:11.039Z - GET /api/ping/check-cctv
2024-03-15T04:19:13.032Z - GET /api/ping/check-cctv
2024-03-15T04:19:14.823Z - GET /api/ping/check-cctv
2024-03-15T04:19:17.042Z - GET /api/ping/check-cctv
2024-03-15T04:19:19.042Z - GET /api/ping/check-cctv
2024-03-15T04:19:20.895Z - GET /api/ping/check-cctv
2024-03-15T04:19:22.735Z - GET /api/ping/check-cctv
2024-03-15T04:19:24.601Z - GET /api/ping/check-cctv
2024-03-15T04:19:26.539Z - GET /api/ping/check-cctv
2024-03-15T04:19:26.546Z - GET /api/ping/check-cctv
2024-03-15T04:19:31.437Z - GET /api/ping/check-cctv
2024-03-15T04:19:33.323Z - GET /api/ping/check-cctv
2024-03-15T04:19:35.180Z - GET /api/ping/check-cctv
2024-03-15T04:19:35.193Z - GET /api/ping/check-cctv
2024-03-15T04:19:40.159Z - GET /api/ping/check-cctv
2024-03-15T04:19:41.955Z - GET /api/ping/check-cctv
2024-03-15T04:19:43.767Z - GET /api/ping/check-cctv
2024-03-15T04:19:45.627Z - GET /api/ping/check-cctv
2024-03-15T04:19:47.540Z - GET /api/ping/check-cctv
2024-03-15T04:19:49.525Z - GET /api/ping/check-cctv
2024-03-15T04:19:51.407Z - GET /api/ping/check-cctv
2024-03-15T04:19:53.256Z - GET /api/ping/check-cctv
2024-03-15T04:19:55.193Z - GET /api/ping/check-cctv
2024-03-15T04:19:57.116Z - GET /api/ping/check-cctv
2024-03-15T04:19:59.076Z - GET /api/ping/check-cctv
2024-03-15T04:19:59.089Z - GET /api/ping/check-cctv
2024-03-15T04:20:03.938Z - GET /api/ping/check-cctv
2024-03-15T04:20:06.190Z - GET /api/ping/check-cctv
2024-03-15T04:20:08.423Z - GET /api/ping/check-cctv
2024-03-15T04:20:08.445Z - GET /api/ping/check-cctv
2024-03-15T04:20:08.451Z - GET /api/ping/check-cctv
2024-03-15T04:20:17.179Z - GET /api/ping/check-cctv
2024-03-15T04:20:17.209Z - GET /api/ping/check-cctv
2024-03-15T04:20:17.214Z - GET /api/ping/check-cctv
2024-03-15T04:20:25.652Z - GET /api/ping/check-cctv
2024-03-15T04:20:25.658Z - GET /api/ping/check-cctv
2024-03-15T04:20:25.662Z - GET /api/ping/check-cctv
2024-03-15T04:20:25.667Z - GET /api/ping/check-cctv
2024-03-15T04:20:25.671Z - GET /api/ping/check-cctv
2024-03-15T04:20:45.054Z - GET /api/ping/check-cctv
2024-03-15T04:20:45.059Z - GET /api/ping/check-cctv
2024-03-15T04:20:45.063Z - GET /api/ping/check-cctv
2024-03-15T04:20:45.069Z - GET /api/ping/check-cctv
2024-03-15T04:20:45.073Z - GET /api/ping/check-cctv
2024-03-15T04:21:04.184Z - GET /api/ping/check-cctv
2024-03-15T04:21:06.152Z - GET /api/ping/check-cctv
2024-03-15T04:21:06.157Z - GET /api/ping/check-cctv
2024-03-15T04:21:06.161Z - GET /api/ping/check-cctv
2024-03-15T04:21:06.166Z - GET /api/ping/check-cctv
2024-03-15T04:21:20.111Z - GET /api/ping/check-cctv
2024-03-15T04:21:22.076Z - GET /api/ping/check-cctv
2024-03-15T04:21:22.082Z - GET /api/ping/check-cctv
2024-03-15T04:21:22.087Z - GET /api/ping/check-cctv
2024-03-15T04:21:22.092Z - GET /api/ping/check-cctv
2024-03-15T04:21:36.151Z - GET /api/ping/check-cctv
2024-03-15T04:21:38.289Z - GET /api/ping/check-cctv
2024-03-15T04:21:38.294Z - GET /api/ping/check-cctv
2024-03-15T04:21:38.299Z - GET /api/ping/check-cctv
2024-03-15T04:21:38.304Z - GET /api/ping/check-cctv
2024-03-15T04:21:52.648Z - GET /api/ping/check-cctv
2024-03-15T04:21:54.735Z - GET /api/ping/check-cctv
2024-03-15T04:21:54.740Z - GET /api/ping/check-cctv
2024-03-15T04:21:54.745Z - GET /api/ping/check-cctv
2024-03-15T04:21:54.750Z - GET /api/ping/check-cctv
2024-03-15T04:22:09.306Z - GET /api/ping/check-cctv
2024-03-15T04:22:11.385Z - GET /api/ping/check-cctv
2024-03-15T04:22:11.390Z - GET /api/ping/check-cctv
2024-03-15T04:22:11.394Z - GET /api/ping/check-cctv
2024-03-15T04:22:11.399Z - GET /api/ping/check-cctv
2024-03-15T04:22:27.655Z - GET /api/ping/check-cctv
2024-03-15T04:22:29.876Z - GET /api/ping/check-cctv
2024-03-15T04:22:29.881Z - GET /api/ping/check-cctv
2024-03-15T04:22:29.886Z - GET /api/ping/check-cctv
2024-03-15T04:22:29.892Z - GET /api/ping/check-cctv
2024-03-15T04:22:45.301Z - GET /api/ping/check-cctv
2024-03-15T04:22:47.632Z - GET /api/ping/check-cctv
2024-03-15T04:22:47.638Z - GET /api/ping/check-cctv
2024-03-15T04:22:47.644Z - GET /api/ping/check-cctv
2024-03-15T04:22:47.649Z - GET /api/ping/check-cctv
2024-03-15T04:23:03.415Z - GET /api/ping/check-cctv
2024-03-15T04:23:05.663Z - GET /api/ping/check-cctv
2024-03-15T04:23:05.669Z - GET /api/ping/check-cctv
2024-03-15T04:23:05.674Z - GET /api/ping/check-cctv
2024-03-15T04:23:05.681Z - GET /api/ping/check-cctv
2024-03-15T04:23:21.571Z - GET /api/ping/check-cctv
2024-03-15T04:23:23.880Z - GET /api/ping/check-cctv
2024-03-15T04:23:23.885Z - GET /api/ping/check-cctv
2024-03-15T04:23:23.890Z - GET /api/ping/check-cctv
2024-03-15T04:23:23.896Z - GET /api/ping/check-cctv
2024-03-15T04:23:40.340Z - GET /api/ping/check-cctv
2024-03-15T04:23:42.678Z - GET /api/ping/check-cctv
2024-03-15T04:23:42.683Z - GET /api/ping/check-cctv
2024-03-15T04:23:42.689Z - GET /api/ping/check-cctv
2024-03-15T04:23:42.699Z - GET /api/ping/check-cctv
2024-03-15T04:23:58.927Z - GET /api/ping/check-cctv
2024-03-15T04:24:01.422Z - GET /api/ping/check-cctv
2024-03-15T04:24:01.427Z - GET /api/ping/check-cctv
2024-03-15T04:24:01.432Z - GET /api/ping/check-cctv
2024-03-15T04:24:01.438Z - GET /api/ping/check-cctv
2024-03-15T04:24:17.709Z - GET /api/ping/check-cctv
2024-03-15T04:24:20.114Z - GET /api/ping/check-cctv
2024-03-15T04:24:20.119Z - GET /api/ping/check-cctv
2024-03-15T04:24:20.125Z - GET /api/ping/check-cctv
2024-03-15T04:24:20.130Z - GET /api/ping/check-cctv
2024-03-15T04:24:36.513Z - GET /api/ping/check-cctv
2024-03-15T04:24:39.008Z - GET /api/ping/check-cctv
2024-03-15T04:24:39.013Z - GET /api/ping/check-cctv
2024-03-15T04:24:39.018Z - GET /api/ping/check-cctv
2024-03-15T04:24:39.023Z - GET /api/ping/check-cctv
2024-03-15T04:24:55.696Z - GET /api/ping/check-cctv
2024-03-15T04:24:58.217Z - GET /api/ping/check-cctv
2024-03-15T04:24:58.222Z - GET /api/ping/check-cctv
2024-03-15T04:24:58.228Z - GET /api/ping/check-cctv
2024-03-15T04:24:58.233Z - GET /api/ping/check-cctv
2024-03-15T04:25:15.516Z - GET /api/ping/check-cctv
2024-03-15T04:25:18.122Z - GET /api/ping/check-cctv
2024-03-15T04:25:18.127Z - GET /api/ping/check-cctv
2024-03-15T04:25:18.139Z - GET /api/ping/check-cctv2
2024-03-15T04:25:18.144Z - GET /api/ping/check-cctv
2024-03-15T04:25:29.423Z - GET /api/ping/check-cctv2
2024-03-15T04:25:29.429Z - GET /api/ping/check-cctv
2024-03-15T04:25:29.441Z - GET /api/ping/check-cctv2
2024-03-15T04:25:29.446Z - GET /api/ping/check-cctv
2024-03-15T04:25:29.451Z - GET /api/ping/check-cctv2
2024-03-15T04:25:29.455Z - GET /api/ping/check-cctv
2024-03-15T04:25:29.465Z - GET /api/ping/check-cctv2
2024-03-15T04:25:29.470Z - GET /api/ping/check-cctv
2024-03-15T04:25:50.403Z - GET /api/ping/check-cctv
2024-03-15T04:25:50.410Z - GET /api/ping/check-cctv2
2024-03-15T04:25:50.416Z - GET /api/ping/check-cctv2
2024-03-15T04:25:50.421Z - GET /api/ping/check-cctv
2024-03-15T04:25:50.425Z - GET /api/ping/check-cctv2
2024-03-15T04:25:50.430Z - GET /api/ping/check-cctv
2024-03-15T04:25:50.435Z - GET /api/ping/check-cctv2
2024-03-15T04:25:50.440Z - GET /api/ping/check-cctv
2024-03-15T04:25:50.862Z - GET /api/ping/check-cctv2
2024-03-15T04:25:50.870Z - GET /api/ping/check-cctv
2024-03-15T04:25:50.875Z - GET /api/ping/check-cctv2
2024-03-15T04:25:50.881Z - GET /api/ping/check-cctv
2024-03-15T04:25:50.892Z - GET /api/ping/check-cctv2
2024-03-15T04:25:50.898Z - GET /api/ping/check-cctv
2024-03-15T04:26:46.730Z - GET /api/ping/check-cctv2
2024-03-15T04:26:46.736Z - GET /api/ping/check-cctv2
2024-03-15T04:26:46.742Z - GET /api/ping/check-cctv
2024-03-15T04:26:46.747Z - GET /api/ping/check-cctv2
2024-03-15T04:26:47.055Z - GET /
2024-03-15T04:26:53.072Z - GET /api/ping/check-cctv
2024-03-15T04:26:57.261Z - GET /static/js/main.9bc10804.js
2024-03-15T04:26:57.268Z - GET /api/ping/check-cctv
2024-03-15T04:26:57.274Z - GET /static/css/main.b8bf9c79.css
2024-03-15T04:26:57.388Z - GET /api/ping/check-cctv
2024-03-15T04:27:05.115Z - GET /api/ping/check-cctv
2024-03-15T04:27:08.059Z - GET /api/ping/check-cctv
2024-03-15T04:27:08.069Z - GET /api/ping/check-cctv
2024-03-15T04:27:08.074Z - GET /api/ping/check-cctv
2024-03-15T04:27:16.221Z - GET /static/css/main.b8bf9c79.css.map
2024-03-15T04:27:19.428Z - GET /api/ping/check-cctv
2024-03-15T04:27:19.433Z - GET /api/ping/check-cctv
2024-03-15T04:27:26.094Z - GET /api/ping/check-cctv
2024-03-15T04:27:26.099Z - GET /api/ping/check-cctv
2024-03-15T04:27:26.104Z - GET /api/ping/check-cctv
2024-03-15T04:27:46.131Z - GET /api/ping/check-cctv2
2024-03-15T04:27:46.150Z - GET /manifest.json
2024-03-15T04:27:46.161Z - GET /api/ping/check-cctv
2024-03-15T04:27:51.240Z - GET /static/js/main.9bc10804.js.map
2024-03-15T04:27:51.342Z - GET /api/ping/check-cctv2
2024-03-15T04:27:51.365Z - GET /api/ping/check-cctv
2024-03-15T04:27:51.397Z - GET /
2024-03-15T04:27:56.841Z - GET /api/ping/check-cctv
2024-03-15T04:27:56.849Z - GET /api/ping/check-cctv
2024-03-15T04:27:56.854Z - GET /logo192.png
2024-03-15T04:28:04.537Z - GET /
2024-03-15T04:28:04.565Z - GET /static/js/main.633b1e24.js
2024-03-15T04:28:04.572Z - GET /static/css/main.b8bf9c79.css
2024-03-15T04:28:04.615Z - GET /static/js/main.633b1e24.js.map
2024-03-15T04:28:04.622Z - GET /static/css/main.b8bf9c79.css.map
2024-03-15T04:28:04.677Z - GET /api/ping/check-cctv2
2024-03-15T04:28:04.682Z - GET /api/ping/check-cctv
2024-03-15T04:28:07.406Z - GET /manifest.json
2024-03-15T04:28:07.412Z - GET /favicon.ico
2024-03-15T04:28:07.600Z - GET /logo192.png
2024-03-15T04:28:07.752Z - GET /api/ping/check-cctv2
2024-03-15T04:28:10.071Z - GET /api/ping/check-cctv
2024-03-15T04:28:15.623Z - GET /api/ping/check-cctv
2024-03-15T04:28:20.565Z - GET /api/ping/check-cctv
2024-03-15T04:28:25.552Z - GET /api/ping/check-cctv
2024-03-15T04:28:30.568Z - GET /api/ping/check-cctv
2024-03-15T04:28:35.564Z - GET /api/ping/check-cctv
2024-03-15T04:28:38.701Z - GET /api/ping/check-cctv
2024-03-15T04:28:41.601Z - GET /api/ping/check-cctv
2024-03-15T04:28:41.616Z - GET /api/ping/check-cctv
2024-03-15T04:28:47.565Z - GET /api/ping/check-cctv
2024-03-15T04:28:47.582Z - GET /
2024-03-15T04:28:47.593Z - GET /api/ping/check-cctv
2024-03-15T04:28:53.659Z - GET /static/js/main.633b1e24.js
2024-03-15T04:28:53.666Z - GET /static/css/main.b8bf9c79.css
2024-03-15T04:28:53.774Z - GET /api/ping/check-cctv2
2024-03-15T04:28:53.780Z - GET /api/ping/check-cctv
2024-03-15T04:28:56.407Z - GET /manifest.json
2024-03-15T04:28:56.413Z - GET /favicon.ico
2024-03-15T04:28:56.606Z - GET /logo192.png
2024-03-15T04:28:56.764Z - GET /api/ping/check-cctv2
2024-03-15T04:28:59.064Z - GET /api/ping/check-cctv
2024-03-15T04:29:04.061Z - GET /api/ping/check-cctv
2024-03-15T04:29:09.058Z - GET /api/ping/check-cctv
2024-03-15T04:29:14.058Z - GET /api/ping/check-cctv
2024-03-15T04:29:19.057Z - GET /api/ping/check-cctv
2024-03-15T04:29:24.065Z - GET /api/ping/check-cctv
2024-03-15T04:29:27.796Z - GET /api/ping/check-cctv
2024-03-15T04:29:30.931Z - GET /api/ping/check-cctv
2024-03-15T04:29:30.951Z - GET /api/ping/check-cctv
2024-03-15T04:29:38.973Z - GET /api/ping/check-cctv
2024-03-15T04:29:38.991Z - GET /api/ping/check-cctv
2024-03-15T04:29:39.006Z - GET /api/ping/check-cctv
2024-03-15T04:29:53.180Z - GET /api/ping/check-cctv
2024-03-15T04:29:53.189Z - GET /api/ping/check-cctv
2024-03-15T04:29:53.194Z - GET /api/ping/check-cctv
2024-03-15T04:29:53.198Z - GET /api/ping/check-cctv
2024-03-15T04:29:53.203Z - GET /api/ping/check-cctv
2024-03-15T04:30:23.016Z - GET /api/ping/check-cctv
2024-03-15T04:30:23.021Z - GET /api/ping/check-cctv
2024-03-15T04:30:23.025Z - GET /api/ping/check-cctv
2024-03-15T04:30:23.030Z - GET /api/ping/check-cctv
2024-03-15T04:30:23.036Z - GET /api/ping/check-cctv
2024-03-15T04:30:47.735Z - GET /api/ping/check-cctv
2024-03-15T04:30:50.705Z - GET /api/ping/check-cctv
2024-03-15T04:30:50.711Z - GET /api/ping/check-cctv
2024-03-15T04:30:50.716Z - GET /api/ping/check-cctv
2024-03-15T04:30:50.722Z - GET /api/ping/check-cctv
2024-03-15T04:31:07.289Z - GET /api/ping/check-cctv
2024-03-15T04:31:10.429Z - GET /api/ping/check-cctv
2024-03-15T04:31:10.436Z - GET /api/ping/check-cctv
2024-03-15T04:31:10.442Z - GET /api/ping/check-cctv
2024-03-15T04:31:10.448Z - GET /api/ping/check-cctv
