2024-03-11T01:05:11.770Z - GET /api/ping/check-cctv
2024-03-11T01:05:15.918Z - GET /api/ping/check-cctv2
2024-03-11T01:05:16.106Z - GET /api/ping/check-cctv
2024-03-11T01:05:18.132Z - GET /api/ping/check-cctv2
2024-03-11T01:05:18.537Z - GET /api/ping/check-cctv2
2024-03-11T01:05:18.946Z - GET /api/ping/check-cctv2
2024-03-11T01:05:21.733Z - GET /api/ping/check-cctv
2024-03-11T01:05:27.749Z - GET /api/ping/check-cctv
2024-03-11T01:05:33.745Z - GET /api/ping/check-cctv
2024-03-11T01:05:39.744Z - GET /api/ping/check-cctv
2024-03-11T01:05:43.938Z - GET /api/ping/check-cctv
2024-03-11T01:05:45.741Z - GET /api/ping/check-cctv
2024-03-11T01:05:47.935Z - GET /api/ping/check-cctv
2024-03-11T01:05:49.935Z - GET /api/ping/check-cctv
2024-03-11T01:05:51.739Z - GET /api/ping/check-cctv
2024-03-11T01:05:53.934Z - GET /api/ping/check-cctv
2024-03-11T01:05:55.932Z - GET /api/ping/check-cctv
2024-03-11T01:05:57.839Z - GET /api/ping/check-cctv
2024-03-11T01:05:59.932Z - GET /api/ping/check-cctv
2024-03-11T01:06:01.962Z - GET /api/ping/check-cctv
2024-03-11T01:06:03.946Z - GET /api/ping/check-cctv
2024-03-11T01:06:05.926Z - GET /api/ping/check-cctv
2024-03-11T01:06:07.937Z - GET /api/ping/check-cctv
2024-03-11T01:06:09.927Z - GET /api/ping/check-cctv
2024-03-11T01:06:11.920Z - GET /api/ping/check-cctv
2024-03-11T01:06:13.942Z - GET /api/ping/check-cctv
2024-03-11T01:06:16.012Z - GET /api/ping/check-cctv
2024-03-11T01:06:18.043Z - GET /api/ping/check-cctv
2024-03-11T01:06:20.049Z - GET /api/ping/check-cctv
2024-03-11T01:06:22.100Z - GET /api/ping/check-cctv
2024-03-11T01:06:24.094Z - GET /api/ping/check-cctv
2024-03-11T01:06:26.055Z - GET /api/ping/check-cctv
2024-03-11T01:06:28.068Z - GET /api/ping/check-cctv
2024-03-11T01:06:30.240Z - GET /api/ping/check-cctv
2024-03-11T01:06:32.426Z - GET /api/ping/check-cctv
2024-03-11T01:06:34.666Z - GET /api/ping/check-cctv
2024-03-11T01:06:36.829Z - GET /api/ping/check-cctv
2024-03-11T01:06:38.894Z - GET /api/ping/check-cctv
2024-03-11T01:06:41.153Z - GET /api/ping/check-cctv
2024-03-11T01:06:44.300Z - GET /api/ping/check-cctv
2024-03-11T01:06:46.924Z - GET /api/ping/check-cctv
2024-03-11T01:06:46.931Z - GET /api/ping/check-cctv
2024-03-11T01:06:53.128Z - GET /api/ping/check-cctv
2024-03-11T01:06:53.152Z - GET /api/ping/check-cctv
2024-03-11T01:06:55.229Z - GET /api/ping/check-cctv
2024-03-11T01:07:05.599Z - GET /api/ping/check-cctv
2024-03-11T01:07:05.603Z - GET /api/ping/check-cctv
2024-03-11T01:07:05.608Z - GET /api/ping/check-cctv
2024-03-11T01:07:05.613Z - GET /api/ping/check-cctv
2024-03-11T01:07:05.618Z - GET /api/ping/check-cctv
2024-03-11T01:07:29.230Z - GET /api/ping/check-cctv
2024-03-11T01:07:29.235Z - GET /api/ping/check-cctv
2024-03-11T01:07:29.241Z - GET /api/ping/check-cctv
2024-03-11T01:07:29.245Z - GET /api/ping/check-cctv
2024-03-11T01:07:29.251Z - GET /api/ping/check-cctv
2024-03-11T01:07:53.670Z - GET /api/ping/check-cctv
2024-03-11T01:07:53.677Z - GET /api/ping/check-cctv
2024-03-11T01:07:53.681Z - GET /api/ping/check-cctv
2024-03-11T01:07:53.685Z - GET /api/ping/check-cctv
2024-03-11T01:07:53.693Z - GET /api/ping/check-cctv
2024-03-11T01:08:15.110Z - GET /api/ping/check-cctv
2024-03-11T01:08:15.116Z - GET /api/ping/check-cctv
2024-03-11T01:08:15.121Z - GET /api/ping/check-cctv
2024-03-11T01:08:15.126Z - GET /api/ping/check-cctv
2024-03-11T01:08:15.130Z - GET /api/ping/check-cctv
2024-03-11T01:08:40.618Z - GET /api/ping/check-cctv
2024-03-11T01:08:40.625Z - GET /api/ping/check-cctv
2024-03-11T01:08:40.634Z - GET /api/ping/check-cctv
2024-03-11T01:08:40.640Z - GET /api/ping/check-cctv
2024-03-11T01:08:40.646Z - GET /api/ping/check-cctv
2024-03-11T01:09:02.731Z - GET /api/ping/check-cctv
2024-03-11T01:09:02.738Z - GET /api/ping/check-cctv
2024-03-11T01:09:02.743Z - GET /api/ping/check-cctv
2024-03-11T01:09:02.749Z - GET /api/ping/check-cctv2
2024-03-11T01:09:02.756Z - GET /api/ping/check-cctv
2024-03-11T01:09:17.787Z - GET /api/ping/check-cctv
2024-03-11T01:09:17.794Z - GET /api/ping/check-cctv
2024-03-11T01:09:17.799Z - GET /api/ping/check-cctv
2024-03-11T01:09:17.805Z - GET /api/ping/check-cctv
2024-03-11T01:09:33.870Z - GET /api/ping/check-cctv
2024-03-11T01:09:33.876Z - GET /api/ping/check-cctv
2024-03-11T01:09:33.882Z - GET /api/ping/check-cctv
2024-03-11T01:09:33.889Z - GET /api/ping/check-cctv
2024-03-11T01:09:49.786Z - GET /api/ping/check-cctv
2024-03-11T01:09:51.895Z - GET /api/ping/check-cctv
2024-03-11T01:09:51.900Z - GET /api/ping/check-cctv
2024-03-11T01:09:51.909Z - GET /api/ping/check-cctv
2024-03-11T01:09:51.914Z - GET /api/ping/check-cctv
2024-03-11T01:09:51.936Z - GET /api/ping/check-cctv
2024-03-11T01:09:51.941Z - GET /api/ping/check-cctv
2024-03-11T01:09:51.945Z - GET /api/ping/check-cctv
2024-03-11T01:09:51.950Z - GET /api/ping/check-cctv2
2024-03-11T01:09:51.955Z - GET /api/ping/check-cctv
2024-03-11T01:09:51.959Z - GET /api/ping/check-cctv2
2024-03-11T01:09:51.965Z - GET /api/ping/check-cctv2
2024-03-11T01:10:43.285Z - GET /api/ping/check-cctv
2024-03-11T01:10:43.289Z - GET /api/ping/check-cctv2
2024-03-11T01:10:43.358Z - GET /api/ping/check-cctv2
2024-03-11T01:10:47.776Z - GET /api/ping/check-cctv
2024-03-11T01:10:51.368Z - GET /api/ping/check-cctv2
2024-03-11T01:10:51.401Z - GET /api/ping/check-cctv
2024-03-11T01:10:51.411Z - GET /api/ping/check-cctv
2024-03-11T01:10:55.195Z - GET /api/ping/check-cctv2
2024-03-11T01:10:55.203Z - GET /api/ping/check-cctv
2024-03-11T01:10:55.208Z - GET /api/ping/check-cctv
2024-03-11T01:11:01.286Z - GET /api/ping/check-cctv
2024-03-11T01:11:01.291Z - GET /api/ping/check-cctv
2024-03-11T01:11:01.296Z - GET /api/ping/check-cctv
2024-03-11T01:11:01.476Z - GET /api/ping/check-cctv2
2024-03-11T01:11:13.636Z - GET /api/ping/check-cctv
2024-03-11T01:11:13.643Z - GET /api/ping/check-cctv
2024-03-11T01:11:13.647Z - GET /api/ping/check-cctv
2024-03-11T01:11:13.651Z - GET /api/ping/check-cctv
2024-03-11T01:11:30.711Z - GET /api/ping/check-cctv
2024-03-11T01:11:33.371Z - GET /api/ping/check-cctv
2024-03-11T01:11:33.376Z - GET /api/ping/check-cctv
2024-03-11T01:11:33.380Z - GET /api/ping/check-cctv
2024-03-11T01:11:33.385Z - GET /api/ping/check-cctv
2024-03-11T01:11:51.024Z - GET /api/ping/check-cctv
2024-03-11T01:11:53.283Z - GET /api/ping/check-cctv
2024-03-11T01:11:53.288Z - GET /api/ping/check-cctv
2024-03-11T01:11:53.292Z - GET /api/ping/check-cctv
2024-03-11T01:11:53.298Z - GET /api/ping/check-cctv
2024-03-11T01:11:53.321Z - GET /api/ping/check-cctv2
2024-03-11T01:12:10.467Z - GET /api/ping/check-cctv
2024-03-11T01:12:13.679Z - GET /api/ping/check-cctv
2024-03-11T01:12:13.685Z - GET /api/ping/check-cctv
2024-03-11T01:12:13.692Z - GET /api/ping/check-cctv
2024-03-11T01:12:13.697Z - GET /api/ping/check-cctv
2024-03-11T01:12:35.045Z - GET /api/ping/check-cctv
2024-03-11T01:12:35.052Z - GET /api/ping/check-cctv
2024-03-11T01:12:35.056Z - GET /api/ping/check-cctv
2024-03-11T01:12:35.061Z - GET /api/ping/check-cctv
2024-03-11T02:08:36.477Z - GET /api/ping/check-cctv2
2024-03-11T02:08:40.056Z - GET /api/ping/check-cctv2
2024-03-11T02:08:41.543Z - GET /api/ping/check-cctv2
2024-03-11T02:10:01.869Z - GET /cctv-ping
2024-03-11T02:12:37.705Z - GET /
2024-03-11T02:12:37.730Z - GET /static/js/main.c3281c42.js
2024-03-11T02:12:37.736Z - GET /static/css/main.5dca29e3.css
2024-03-11T02:12:37.829Z - GET /api/ping/check-cctv
2024-03-11T02:12:37.836Z - GET /api/ping/check-cctv2
2024-03-11T02:12:40.131Z - GET /manifest.json
2024-03-11T02:12:40.163Z - GET /logo192.png
2024-03-11T02:12:40.529Z - GET /api/ping/check-cctv2
2024-03-11T02:12:43.733Z - GET /api/ping/check-cctv
2024-03-11T02:12:49.734Z - GET /api/ping/check-cctv
2024-03-11T02:12:55.742Z - GET /api/ping/check-cctv
2024-03-11T02:13:01.744Z - GET /api/ping/check-cctv
2024-03-11T02:13:07.741Z - GET /api/ping/check-cctv
2024-03-11T02:13:09.960Z - GET /api/ping/check-cctv
2024-03-11T02:13:12.036Z - GET /api/ping/check-cctv
2024-03-11T02:13:14.662Z - GET /api/ping/check-cctv
2024-03-11T02:13:17.214Z - GET /api/ping/check-cctv
2024-03-11T02:13:19.904Z - GET /api/ping/check-cctv
2024-03-11T02:13:22.326Z - GET /api/ping/check-cctv
2024-03-11T02:13:22.354Z - GET /api/ping/check-cctv
2024-03-11T02:13:28.242Z - GET /api/ping/check-cctv
2024-03-11T02:13:28.258Z - GET /api/ping/check-cctv
2024-03-11T02:13:34.197Z - GET /api/ping/check-cctv
2024-03-11T02:13:36.701Z - GET /api/ping/check-cctv
2024-03-11T02:13:36.710Z - GET /api/ping/check-cctv
2024-03-11T02:13:36.716Z - GET /api/ping/check-cctv
2024-03-11T02:13:47.372Z - GET /api/ping/check-cctv
2024-03-11T02:13:49.781Z - GET /
2024-03-11T02:13:49.787Z - GET /api/ping/check-cctv
2024-03-11T02:13:49.794Z - GET /api/ping/check-cctv
2024-03-11T02:13:49.799Z - GET /api/ping/check-cctv
2024-03-11T02:13:59.510Z - GET /
2024-03-11T02:13:59.515Z - GET /api/ping/check-cctv
2024-03-11T02:14:01.620Z - GET /static/js/main.130bc312.js
2024-03-11T02:14:01.626Z - GET /static/css/main.5dca29e3.css
2024-03-11T02:14:01.703Z - GET /manifest.json
2024-03-11T02:14:01.707Z - GET /favicon.ico
2024-03-11T02:14:01.716Z - GET /logo192.png
2024-03-11T02:14:06.389Z - GET /cctv-ping
2024-03-11T02:14:35.364Z - GET /cctv-ping
2024-03-11T02:14:36.063Z - GET /cctv-ping
2024-03-11T02:14:36.277Z - GET /cctv-ping
2024-03-11T02:14:36.454Z - GET /cctv-ping
2024-03-11T02:14:36.597Z - GET /cctv-ping
2024-03-11T02:14:36.770Z - GET /cctv-ping
2024-03-11T02:14:36.960Z - GET /cctv-ping
2024-03-11T02:14:37.114Z - GET /cctv-ping
2024-03-11T02:14:37.280Z - GET /cctv-ping
2024-03-11T02:14:37.461Z - GET /cctv-ping
2024-03-11T02:14:37.644Z - GET /cctv-ping
2024-03-11T02:14:37.805Z - GET /cctv-ping
2024-03-11T02:14:37.998Z - GET /cctv-ping
2024-03-11T02:14:38.164Z - GET /cctv-ping
2024-03-11T02:14:38.360Z - GET /cctv-ping
2024-03-11T02:14:38.556Z - GET /cctv-ping
2024-03-11T02:14:38.729Z - GET /cctv-ping
2024-03-11T02:14:38.886Z - GET /cctv-ping
2024-03-11T02:14:39.046Z - GET /cctv-ping
2024-03-11T02:14:42.473Z - GET /cctv
2024-03-11T02:14:44.107Z - GET /cctv
2024-03-11T02:14:44.301Z - GET /cctv
2024-03-11T02:14:44.465Z - GET /cctv
2024-03-11T02:14:54.623Z - GET /cctv
2024-03-11T02:14:58.077Z - GET /
2024-03-11T02:14:58.090Z - GET /static/js/main.ea9f5960.js
2024-03-11T02:14:58.094Z - GET /static/css/main.5dca29e3.css
2024-03-11T02:14:58.335Z - GET /
2024-03-11T02:14:58.355Z - GET /static/js/main.ea9f5960.js
2024-03-11T02:14:58.364Z - GET /static/css/main.5dca29e3.css
2024-03-11T02:14:58.469Z - GET /manifest.json
2024-03-11T02:14:58.476Z - GET /logo192.png
2024-03-11T02:15:11.148Z - GET /
2024-03-11T02:15:11.187Z - GET /static/js/main.c3281c42.js
2024-03-11T02:15:11.199Z - GET /static/css/main.5dca29e3.css
2024-03-11T02:15:11.276Z - GET /api/ping/check-cctv2
2024-03-11T02:15:11.476Z - GET /api/ping/check-cctv
2024-03-11T02:15:13.251Z - GET /manifest.json
2024-03-11T02:15:13.274Z - GET /favicon.ico
2024-03-11T02:15:13.443Z - GET /logo192.png
2024-03-11T02:15:13.572Z - GET /api/ping/check-cctv2
2024-03-11T02:15:17.245Z - GET /api/ping/check-cctv
2024-03-11T02:15:23.244Z - GET /api/ping/check-cctv
2024-03-11T02:15:29.235Z - GET /api/ping/check-cctv
2024-03-11T02:15:35.238Z - GET /api/ping/check-cctv
2024-03-11T02:15:41.236Z - GET /api/ping/check-cctv
2024-03-11T02:15:43.290Z - GET /api/ping/check-cctv
2024-03-11T02:15:45.283Z - GET /api/ping/check-cctv
2024-03-11T02:15:47.236Z - GET /api/ping/check-cctv
2024-03-11T02:15:49.284Z - GET /api/ping/check-cctv
2024-03-11T02:15:51.286Z - GET /api/ping/check-cctv
2024-03-11T02:15:53.373Z - GET /api/ping/check-cctv
2024-03-11T02:15:55.443Z - GET /api/ping/check-cctv
2024-03-11T02:15:57.546Z - GET /api/ping/check-cctv
2024-03-11T02:15:59.557Z - GET /api/ping/check-cctv
2024-03-11T02:16:01.675Z - GET /api/ping/check-cctv
2024-03-11T02:16:01.682Z - GET /api/ping/check-cctv
2024-03-11T02:16:06.746Z - GET /api/ping/check-cctv
2024-03-11T02:16:09.096Z - GET /api/ping/check-cctv
2024-03-11T02:16:11.516Z - GET /api/ping/check-cctv
2024-03-11T02:16:11.547Z - GET /api/ping/check-cctv
2024-03-11T02:16:17.406Z - GET /api/ping/check-cctv
2024-03-11T02:16:17.444Z - GET /api/ping/check-cctv
2024-03-11T02:16:23.240Z - GET /api/ping/check-cctv
2024-03-11T02:16:25.776Z - GET /api/ping/check-cctv
2024-03-11T02:16:25.783Z - GET /api/ping/check-cctv
2024-03-11T02:16:25.789Z - GET /api/ping/check-cctv
2024-03-11T02:16:35.497Z - GET /api/ping/check-cctv
2024-03-11T02:16:37.653Z - GET /api/ping/check-cctv
2024-03-11T02:16:37.659Z - GET /api/ping/check-cctv
2024-03-11T02:16:37.665Z - GET /api/ping/check-cctv
2024-03-11T02:16:37.671Z - GET /api/ping/check-cctv
2024-03-11T02:16:52.161Z - GET /api/ping/check-cctv
2024-03-11T02:16:52.168Z - GET /api/ping/check-cctv
2024-03-11T02:16:52.175Z - GET /api/ping/check-cctv
2024-03-11T02:16:52.180Z - GET /api/ping/check-cctv
2024-03-11T02:16:52.185Z - GET /api/ping/check-cctv
2024-03-11T02:17:12.850Z - GET /api/ping/check-cctv
2024-03-11T02:17:12.855Z - GET /api/ping/check-cctv
2024-03-11T02:17:12.860Z - GET /api/ping/check-cctv
2024-03-11T02:17:12.865Z - GET /api/ping/check-cctv
2024-03-11T02:17:12.870Z - GET /api/ping/check-cctv
2024-03-11T07:06:43.722Z - GET /
2024-03-11T07:06:43.756Z - GET /static/js/main.c3281c42.js
2024-03-11T07:06:43.762Z - GET /static/css/main.5dca29e3.css
2024-03-11T07:06:43.792Z - GET /static/css/main.5dca29e3.css.map
2024-03-11T07:06:43.798Z - GET /static/js/main.c3281c42.js.map
2024-03-11T07:06:43.868Z - GET /api/ping/check-cctv
2024-03-11T07:06:43.874Z - GET /api/ping/check-cctv2
2024-03-11T07:06:46.258Z - GET /manifest.json
2024-03-11T07:06:46.263Z - GET /favicon.ico
2024-03-11T07:06:46.495Z - GET /logo192.png
2024-03-11T07:06:46.644Z - GET /api/ping/check-cctv2
2024-03-11T07:06:48.736Z - GET /api/ping/check-cctv
2024-03-11T07:06:53.735Z - GET /api/ping/check-cctv
2024-03-11T07:06:58.733Z - GET /api/ping/check-cctv
2024-03-11T07:07:03.742Z - GET /api/ping/check-cctv
2024-03-11T07:07:08.731Z - GET /api/ping/check-cctv
2024-03-11T07:07:13.737Z - GET /api/ping/check-cctv
2024-03-11T07:07:15.954Z - GET /static/css/main.5dca29e3.css
2024-03-11T07:07:15.959Z - GET /manifest.json
2024-03-11T07:07:15.963Z - GET /static/js/main.c3281c42.js.map
2024-03-11T07:07:15.986Z - GET /static/css/main.5dca29e3.css.map
2024-03-11T07:07:17.885Z - GET /api/ping/check-cctv
2024-03-11T07:07:19.968Z - GET /api/ping/check-cctv
2024-03-11T07:07:22.374Z - GET /api/ping/check-cctv
2024-03-11T07:07:24.541Z - GET /api/ping/check-cctv
2024-03-11T07:07:26.509Z - GET /api/ping/check-cctv
2024-03-11T07:07:26.515Z - GET /api/ping/check-cctv
2024-03-11T07:07:30.966Z - GET /api/ping/check-cctv
2024-03-11T07:07:32.914Z - GET /api/ping/check-cctv
2024-03-11T07:07:32.925Z - GET /api/ping/check-cctv
2024-03-11T07:07:37.993Z - GET /api/ping/check-cctv
2024-03-11T07:07:37.998Z - GET /api/ping/check-cctv
2024-03-11T07:07:42.836Z - GET /api/ping/check-cctv
2024-03-11T07:07:42.856Z - GET /api/ping/check-cctv
2024-03-11T07:07:47.868Z - GET /api/ping/check-cctv
2024-03-11T07:07:50.229Z - GET /api/ping/check-cctv
2024-03-11T07:07:50.237Z - GET /api/ping/check-cctv
2024-03-11T07:07:50.274Z - GET /api/ping/check-cctv
2024-03-11T07:08:01.062Z - GET /api/ping/check-cctv
2024-03-11T07:08:01.068Z - GET /api/ping/check-cctv
2024-03-11T07:08:01.073Z - GET /api/ping/check-cctv
2024-03-11T07:08:01.079Z - GET /api/ping/check-cctv
2024-03-11T07:08:01.086Z - GET /api/ping/check-cctv
2024-03-11T07:08:21.192Z - GET /api/ping/check-cctv
2024-03-11T07:08:21.198Z - GET /api/ping/check-cctv
2024-03-11T07:08:21.204Z - GET /api/ping/check-cctv
2024-03-11T07:08:21.210Z - GET /api/ping/check-cctv
2024-03-11T07:08:21.217Z - GET /api/ping/check-cctv
2024-03-11T07:08:40.830Z - GET /api/ping/check-cctv
2024-03-11T07:08:42.972Z - GET /api/ping/check-cctv
2024-03-11T07:08:42.979Z - GET /api/ping/check-cctv
2024-03-11T07:08:42.985Z - GET /api/ping/check-cctv
2024-03-11T07:08:42.994Z - GET /api/ping/check-cctv
2024-03-11T07:08:58.690Z - GET /api/ping/check-cctv
2024-03-11T07:09:00.913Z - GET /api/ping/check-cctv
2024-03-11T07:09:00.919Z - GET /api/ping/check-cctv
2024-03-11T07:09:00.924Z - GET /api/ping/check-cctv
2024-03-11T07:09:00.935Z - GET /api/ping/check-cctv
2024-03-11T07:09:16.737Z - GET /api/ping/check-cctv
2024-03-11T07:09:16.777Z - GET /api/ping/check-cctv
