2024-03-08T02:43:40.908Z - GET /
2024-03-08T02:43:40.938Z - GET /static/js/main.ce260c41.js
2024-03-08T02:43:40.948Z - GET /static/css/main.5dca29e3.css
2024-03-08T02:43:41.122Z - GET /favicon.ico
2024-03-08T02:43:41.126Z - GET /manifest.json
2024-03-08T02:43:41.136Z - GET /logo192.png
2024-03-08T02:43:51.093Z - GET /home
2024-03-08T02:44:25.524Z - GET /home
2024-03-08T02:44:26.589Z - GET /home
2024-03-08T02:44:26.764Z - GET /home
2024-03-08T02:44:26.921Z - GET /home
2024-03-08T02:44:27.077Z - GET /home
2024-03-08T02:44:28.332Z - GET /home
2024-03-08T02:44:28.488Z - GET /home
2024-03-08T02:44:28.650Z - GET /home
2024-03-08T02:44:28.810Z - GET /home
2024-03-08T02:44:28.972Z - GET /home
2024-03-08T02:44:29.647Z - GET /home
2024-03-08T02:44:29.812Z - GET /home
2024-03-08T02:44:29.970Z - GET /home
2024-03-08T02:44:30.151Z - GET /home
2024-03-08T02:44:30.296Z - GET /home
2024-03-08T02:44:35.013Z - GET /
2024-03-08T02:44:35.039Z - GET /static/js/main.22679762.js
2024-03-08T02:44:35.046Z - GET /static/css/main.5dca29e3.css
2024-03-08T02:44:35.128Z - GET /manifest.json
2024-03-08T02:44:35.137Z - GET /logo192.png
2024-03-08T02:44:42.626Z - GET /home
2024-03-08T02:45:04.164Z - GET /
2024-03-08T02:45:04.185Z - GET /static/js/main.e9aec0c3.js
2024-03-08T02:45:04.193Z - GET /static/css/main.5dca29e3.css
2024-03-08T02:45:04.246Z - GET /api/ping/check-cctv2
2024-03-08T02:45:04.252Z - GET /api/ping/check-cctv
2024-03-08T02:45:06.333Z - GET /manifest.json
2024-03-08T02:45:06.588Z - GET /logo192.png
2024-03-08T02:45:06.625Z - GET /api/ping/check-cctv2
2024-03-08T02:45:09.321Z - GET /api/ping/check-cctv
2024-03-08T02:45:14.329Z - GET /api/ping/check-cctv
2024-03-08T02:45:19.327Z - GET /api/ping/check-cctv
2024-03-08T02:45:24.326Z - GET /api/ping/check-cctv
2024-03-08T02:45:29.321Z - GET /api/ping/check-cctv
2024-03-08T02:45:34.333Z - GET /api/ping/check-cctv
2024-03-08T02:45:38.257Z - GET /api/ping/check-cctv
2024-03-08T02:45:40.007Z - GET /api/ping/check-cctv
2024-03-08T02:45:42.256Z - GET /api/ping/check-cctv
2024-03-08T02:45:44.822Z - GET /api/ping/check-cctv
2024-03-08T02:45:46.846Z - GET /api/ping/check-cctv
2024-03-08T02:45:48.838Z - GET /api/ping/check-cctv
2024-03-08T02:45:50.603Z - GET /api/ping/check-cctv
2024-03-08T02:45:52.841Z - GET /api/ping/check-cctv
2024-03-08T02:45:54.852Z - GET /api/ping/check-cctv
2024-03-08T02:45:56.793Z - GET /api/ping/check-cctv
2024-03-08T02:45:58.853Z - GET /api/ping/check-cctv
2024-03-08T02:46:00.941Z - GET /api/ping/check-cctv
